[2015-04-06 12:22:49]	Cannot open file 
[2015-04-06 12:22:49]	..\..\\Data\KeyBlackList.pdat
[2015-04-06 12:27:53]	Cannot open file 
[2015-04-06 12:27:53]	..\..\\Data\KeyBlackList.pdat
[2015-04-06 12:28:54]	Cannot open file 
[2015-04-06 12:28:54]	..\..\\Data\KeyBlackList.pdat
[2015-04-06 12:29:48]	Cannot open file 
[2015-04-06 12:29:48]	..\..\\Data\KeyBlackList.pdat
[2015-04-06 12:32:51]	Cannot open file 
[2015-04-06 12:32:51]	..\..\\Data\KeyBlackList.pdat
[2015-04-06 17:36:34]	Cannot open file 
[2015-04-06 17:36:34]	F:\个人文件\作业作品\大四信息分析\数据分析\数据\workSpace\ICTCLAS\Data\KeyBlackList.pdat
[2015-04-06 17:37:18]	Cannot open file 
[2015-04-06 17:37:18]	F:\个人文件\作业作品\大四信息分析\数据分析\数据\workSpace\ICTCLAS\Data\KeyBlackList.pdat
[2015-04-06 18:30:56]	Cannot open file 
[2015-04-06 18:30:56]	F:\个人文件\作业作品\大四信息分析\数据分析\数据\workSpace\PudongTextMining\Data\KeyBlackList.pdat
[2015-04-06 18:32:48]	Cannot open file 
[2015-04-06 18:32:48]	F:\个人文件\作业作品\大四信息分析\数据分析\数据\workSpace\PudongTextMining\Data\KeyBlackList.pdat
[2015-04-06 18:33:17]	Cannot open file 
[2015-04-06 18:33:17]	F:\个人文件\作业作品\大四信息分析\数据分析\数据\workSpace\PudongTextMining\Data\KeyBlackList.pdat
[2015-04-06 18:35:21]	Cannot open file 
[2015-04-06 18:35:21]	F:\个人文件\作业作品\大四信息分析\数据分析\数据\workSpace\PudongTextMining\Data\KeyBlackList.pdat
[2015-04-06 18:36:31]	Cannot open file 
[2015-04-06 18:36:31]	F:\个人文件\作业作品\大四信息分析\数据分析\数据\workSpace\PudongTextMining\Data\KeyBlackList.pdat
[2015-04-06 20:57:23]	Cannot open file 
[2015-04-06 20:57:23]	F:\个人文件\作业作品\大四信息分析\数据分析\数据\workSpace\PudongTextMining\Data\KeyBlackList.pdat
[2015-04-06 21:32:09]	Cannot open file 
[2015-04-06 21:32:09]	F:\个人文件\作业作品\大四信息分析\数据分析\数据\workSpace\PudongTextMining\Data\KeyBlackList.pdat
[2015-04-06 21:32:09]	In NLPIR_ImportUserDict Read file failed!
[2015-04-06 21:32:09]	F:\涓浜烘浠\浣涓浣\澶у淇℃\版\版\userDict.txt
[2015-04-06 21:46:35]	Cannot open file 
[2015-04-06 21:46:35]	F:\个人文件\作业作品\大四信息分析\数据分析\数据\workSpace\PudongTextMining\Data\KeyBlackList.pdat
[2015-04-06 21:46:35]	In NLPIR_ImportUserDict Read file failed!
[2015-04-06 21:46:35]	F:\涓浜烘浠\浣涓浣\澶у淇℃\版\版\userDict.txt
[2015-04-06 21:50:32]	Cannot open file 
[2015-04-06 21:50:32]	F:\个人文件\作业作品\大四信息分析\数据分析\数据\workSpace\PudongTextMining\Data\KeyBlackList.pdat
[2015-04-06 21:50:32]	In NLPIR_ImportUserDict Read file failed!
[2015-04-06 21:50:32]	F:\涓浜烘浠\浣涓浣\澶у淇℃\版\版\userDict.txt
