[2015-04-09 13:59:54]	Cannot open file 
[2015-04-09 13:59:54]	F:\个人文件\作业作品\大四信息分析\数据分析\数据\workSpace\PudongTextMining\Data\KeyBlackList.pdat
[2015-04-09 14:04:35]	Cannot open file 
[2015-04-09 14:04:35]	F:\个人文件\作业作品\大四信息分析\数据分析\数据\workSpace\PudongTextMining\Data\KeyBlackList.pdat
[2015-04-09 14:04:35]	In NLPIR_ImportUserDict Read file failed!
[2015-04-09 14:04:35]	F:\涓浜烘浠\浣涓浣\澶у淇℃\版\版\userDict.txt
[2015-04-09 14:07:16]	Cannot open file 
[2015-04-09 14:07:16]	F:\个人文件\作业作品\大四信息分析\数据分析\数据\workSpace\PudongTextMining\Data\KeyBlackList.pdat
[2015-04-09 14:07:16]	In NLPIR_ImportUserDict Read file failed!
[2015-04-09 14:07:16]	F:\涓浜烘浠\浣涓浣\澶у淇℃\版\版\userDict.txt
[2015-04-09 14:12:21]	Cannot open file 
[2015-04-09 14:12:21]	F:\个人文件\作业作品\大四信息分析\数据分析\数据\workSpace\PudongTextMining\Data\KeyBlackList.pdat
[2015-04-09 14:12:21]	In NLPIR_ImportUserDict Read file failed!
[2015-04-09 14:12:21]	userDict.txt
[2015-04-09 14:13:33]	Cannot open file 
[2015-04-09 14:13:33]	F:\个人文件\作业作品\大四信息分析\数据分析\数据\workSpace\PudongTextMining\Data\KeyBlackList.pdat
[2015-04-09 14:13:33]	In NLPIR_ImportUserDict Read file failed!
[2015-04-09 14:13:33]	userDict.txt
[2015-04-09 15:46:50]	Cannot open file 
[2015-04-09 15:46:50]	F:\个人文件\作业作品\大四信息分析\数据分析\数据\workSpace\PudongTextMining\Data\KeyBlackList.pdat
[2015-04-09 15:46:50]	In NLPIR_ImportUserDict Read file failed!
[2015-04-09 15:46:50]	userDict.txt
